<?xml version="1.0" encoding="UTF-8"?>
<!-- Generated by org.testng.reporters.JUnitXMLReporter -->
<testsuite hostname="pc-PC" ignored="0" name="Testonfirefox" tests="4" failures="0" timestamp="2019-12-24T01:07:06 IST" time="48.485" errors="0">
  <testcase name="Launch" time="16.726" classname="TestNG.Paralleldemo"/>
  <testcase name="Launch1" time="19.02" classname="TestNG.Paralleldemo"/>
  <testcase name="launch" time="38.095" classname="TestNG.Parallelexecution"/>
  <testcase name="launch2" time="12.562" classname="TestNG.Paralleldemo"/>
</testsuite> <!-- Testonfirefox -->
